#
# There is insufficient memory for the Java Runtime Environment to continue.
# Native memory allocation (malloc) failed to allocate 275856 bytes for Chunk::new
# Possible reasons:
#   The system is out of physical RAM or swap space
#   In 32 bit mode, the process size limit was hit
# Possible solutions:
#   Reduce memory load on the system
#   Increase physical memory or swap space
#   Check if swap backing store is full
#   Use 64 bit Java on a 64 bit OS
#   Decrease Java heap size (-Xmx/-Xms)
#   Decrease number of Java threads
#   Decrease Java thread stack sizes (-Xss)
#   Set larger code cache with -XX:ReservedCodeCacheSize=
# This output file may be truncated or incomplete.
#
#  Out of Memory Error (allocation.cpp:390), pid=3432, tid=0x0000000000002f6c
#
# JRE version: Java(TM) SE Runtime Environment (8.0_144-b01) (build 1.8.0_144-b01)
# Java VM: Java HotSpot(TM) 64-Bit Server VM (25.144-b01 mixed mode windows-amd64 compressed oops)
# Failed to write core dump. Minidumps are not enabled by default on client versions of Windows
#

---------------  T H R E A D  ---------------

Current thread (0x000000001be9d000):  JavaThread "C2 CompilerThread0" daemon [_thread_in_native, id=12140, stack(0x000000001d520000,0x000000001d620000)]

Stack: [0x000000001d520000,0x000000001d620000]
[error occurred during error reporting (printing stack bounds), id 0xc0000005]

Native frames: (J=compiled Java code, j=interpreted, Vv=VM code, C=native code)


Current CompileTask:
C2:  35324 4809   !   4       com.sun.prism.impl.GlyphCache::getCachedGlyph (461 bytes)


---------------  P R O C E S S  ---------------

Java Threads: ( => current thread )
  0x000000002b12a000 JavaThread "URL-Loader-10" daemon [_thread_blocked, id=11800, stack(0x0000000037320000,0x0000000037420000)]
  0x000000002b12d800 JavaThread "URL-Loader-9" daemon [_thread_blocked, id=11068, stack(0x0000000037220000,0x0000000037320000)]
  0x000000002b129000 JavaThread "URL-Loader-8" daemon [_thread_blocked, id=7052, stack(0x0000000036400000,0x0000000036500000)]
  0x000000002b128800 JavaThread "URL-Loader-7" daemon [_thread_blocked, id=1660, stack(0x0000000036100000,0x0000000036200000)]
  0x000000001daf5800 JavaThread "URL-Loader-6" daemon [_thread_blocked, id=5080, stack(0x0000000036000000,0x0000000036100000)]
  0x000000001dafb000 JavaThread "URL-Loader-5" daemon [_thread_blocked, id=2924, stack(0x0000000034f30000,0x0000000035030000)]
  0x000000001daf5000 JavaThread "Thread-5" daemon [_thread_in_native, id=12688, stack(0x0000000033e60000,0x0000000033f60000)]
  0x000000001daf9800 JavaThread "Keep-Alive-Timer" daemon [_thread_blocked, id=5444, stack(0x0000000033d60000,0x0000000033e60000)]
  0x000000001daf6800 JavaThread "URL-Loader-4" daemon [_thread_blocked, id=8124, stack(0x0000000033960000,0x0000000033a60000)]
  0x000000001daf8800 JavaThread "URL-Loader-3" daemon [_thread_blocked, id=11896, stack(0x0000000033860000,0x0000000033960000)]
  0x000000001daf7000 JavaThread "URL-Loader-2" daemon [_thread_blocked, id=9468, stack(0x0000000033760000,0x0000000033860000)]
  0x000000001dafb800 JavaThread "URL-Loader-1" daemon [_thread_blocked, id=1200, stack(0x0000000030f30000,0x0000000031030000)]
  0x000000001dafa000 JavaThread "Disposer" daemon [_thread_blocked, id=13092, stack(0x0000000030e30000,0x0000000030f30000)]
  0x000000001e1e5800 JavaThread "Prism Font Disposer" daemon [_thread_blocked, id=3600, stack(0x0000000029010000,0x0000000029110000)]
  0x000000001deef000 JavaThread "Thread-3" daemon [_thread_in_native, id=10292, stack(0x0000000027770000,0x0000000027870000)]
  0x000000001dee8800 JavaThread "JavaFX-Launcher" [_thread_blocked, id=3108, stack(0x0000000027870000,0x0000000027970000)]
  0x000000001de29800 JavaThread "JavaFX Application Thread" [_thread_in_native, id=10596, stack(0x000000001ee60000,0x000000001ef60000)]
  0x000000001de28800 JavaThread "Thread-1" daemon [_thread_blocked, id=2736, stack(0x000000001ed60000,0x000000001ee60000)]
  0x000000001dbf5800 JavaThread "QuantumRenderer-0" daemon [_thread_in_native, id=13812, stack(0x000000001e620000,0x000000001e720000)]
  0x000000001befe000 JavaThread "Service Thread" daemon [_thread_blocked, id=9232, stack(0x000000001dc20000,0x000000001dd20000)]
  0x000000001bead000 JavaThread "C1 CompilerThread2" daemon [_thread_blocked, id=12988, stack(0x000000001d720000,0x000000001d820000)]
  0x000000001bea2800 JavaThread "C2 CompilerThread1" daemon [_thread_in_native, id=5732, stack(0x000000001d620000,0x000000001d720000)]
=>0x000000001be9d000 JavaThread "C2 CompilerThread0" daemon [_thread_in_native, id=12140, stack(0x000000001d520000,0x000000001d620000)]
  0x000000001be9c000 JavaThread "Attach Listener" daemon [_thread_blocked, id=9748, stack(0x000000001d420000,0x000000001d520000)]
  0x000000001be9a800 JavaThread "Signal Dispatcher" daemon [_thread_blocked, id=4604, stack(0x000000001d320000,0x000000001d420000)]
  0x000000000283e800 JavaThread "Finalizer" daemon [_thread_blocked, id=11528, stack(0x000000001d100000,0x000000001d200000)]
  0x0000000002833000 JavaThread "Reference Handler" daemon [_thread_blocked, id=7616, stack(0x000000001d000000,0x000000001d100000)]
  0x0000000002740800 JavaThread "main" [_thread_blocked, id=11648, stack(0x0000000002640000,0x0000000002740000)]

Other Threads:
  0x000000001be67000 VMThread [stack: 0x000000001cf00000,0x000000001d000000] [id=13884]
  0x000000001d84d000 WatcherThread [stack: 0x000000001dd20000,0x000000001de20000] [id=13672]

VM state:not at safepoint (normal execution)

VM Mutex/Monitor currently owned by a thread: None

Heap:
 PSYoungGen      total 76288K, used 30965K [0x000000076af00000, 0x0000000772480000, 0x00000007c0000000)
  eden space 65536K, 32% used [0x000000076af00000,0x000000076c39f340,0x000000076ef00000)
  from space 10752K, 91% used [0x0000000771a00000,0x000000077239e1c8,0x0000000772480000)
  to   space 10752K, 0% used [0x000000076ef00000,0x000000076ef00000,0x000000076f980000)
 ParOldGen       total 125440K, used 8036K [0x00000006c0c00000, 0x00000006c8680000, 0x000000076af00000)
  object space 125440K, 6% used [0x00000006c0c00000,0x00000006c13d9040,0x00000006c8680000)
 Metaspace       used 26941K, capacity 27970K, committed 28208K, reserved 1073152K
  class space    used 3576K, capacity 3812K, committed 3888K, reserved 1048576K

Card table byte_map: [0x0000000011c00000,0x0000000012400000] byte_map_base: 0x000000000e5fa000

Marking Bits: (ParMarkBitMap*) 0x000000007712d850
 Begin Bits: [0x0000000012d60000, 0x0000000016d30000)
 End Bits:   [0x0000000016d30000, 0x000000001ad00000)

Polling page: 0x0000000000730000

CodeCache: size=245760Kb used=13272Kb max_used=14603Kb free=232487Kb
 bounds [0x0000000002840000, 0x00000000036a0000, 0x0000000011840000]
 total_blobs=5042 nmethods=4220 adapters=733
 compilation: enabled

Compilation events (10 events):
Event: 35.305 Thread 0x000000001bead000 4836       3       com.sun.javafx.webkit.prism.WCGraphicsPrismContext$ContextState::setCompositeOperation (6 bytes)
Event: 35.306 Thread 0x000000001bead000 nmethod 4836 0x00000000033b8590 code [0x00000000033b86e0, 0x00000000033b8830]
Event: 35.306 Thread 0x000000001bead000 4837       3       com.sun.javafx.webkit.prism.WCGraphicsPrismContext$ContextState::setPaint (6 bytes)
Event: 35.306 Thread 0x000000001bead000 nmethod 4837 0x000000000309dd10 code [0x000000000309de60, 0x000000000309dfd0]
Event: 35.306 Thread 0x000000001bead000 4838       3       com.sun.javafx.webkit.prism.WCStrokeImpl::<init> (5 bytes)
Event: 35.306 Thread 0x000000001bead000 nmethod 4838 0x000000000309d810 code [0x000000000309d980, 0x000000000309dbb0]
Event: 35.306 Thread 0x000000001bead000 4839       3       com.sun.webkit.graphics.WCStroke::<init> (31 bytes)
Event: 35.306 Thread 0x000000001bead000 nmethod 4839 0x0000000003592b90 code [0x0000000003592ce0, 0x0000000003592eb0]
Event: 35.306 Thread 0x000000001bead000 4840       3       com.sun.javafx.webkit.prism.WCGraphicsPrismContext$ContextState::setShadow (6 bytes)
Event: 35.306 Thread 0x000000001bead000 nmethod 4840 0x0000000003592850 code [0x00000000035929a0, 0x0000000003592b10]

GC Heap History (10 events):
Event: 34.927 GC heap before
{Heap before GC invocations=3 (full 1):
 PSYoungGen      total 76288K, used 65536K [0x000000076af00000, 0x0000000770400000, 0x00000007c0000000)
  eden space 65536K, 100% used [0x000000076af00000,0x000000076ef00000,0x000000076ef00000)
  from space 10752K, 0% used [0x000000076ef00000,0x000000076ef00000,0x000000076f980000)
  to   space 10752K, 0% used [0x000000076f980000,0x000000076f980000,0x0000000770400000)
 ParOldGen       total 125440K, used 8004K [0x00000006c0c00000, 0x00000006c8680000, 0x000000076af00000)
  object space 125440K, 6% used [0x00000006c0c00000,0x00000006c13d1040,0x00000006c8680000)
 Metaspace       used 26428K, capacity 27360K, committed 27568K, reserved 1073152K
  class space    used 3521K, capacity 3741K, committed 3760K, reserved 1048576K
Event: 34.934 GC heap after
Heap after GC invocations=3 (full 1):
 PSYoungGen      total 76288K, used 9719K [0x000000076af00000, 0x0000000770400000, 0x00000007c0000000)
  eden space 65536K, 0% used [0x000000076af00000,0x000000076af00000,0x000000076ef00000)
  from space 10752K, 90% used [0x000000076f980000,0x00000007702fdd30,0x0000000770400000)
  to   space 10752K, 0% used [0x000000076ef00000,0x000000076ef00000,0x000000076f980000)
 ParOldGen       total 125440K, used 8012K [0x00000006c0c00000, 0x00000006c8680000, 0x000000076af00000)
  object space 125440K, 6% used [0x00000006c0c00000,0x00000006c13d3040,0x00000006c8680000)
 Metaspace       used 26428K, capacity 27360K, committed 27568K, reserved 1073152K
  class space    used 3521K, capacity 3741K, committed 3760K, reserved 1048576K
}
Event: 35.077 GC heap before
{Heap before GC invocations=4 (full 1):
 PSYoungGen      total 76288K, used 75214K [0x000000076af00000, 0x0000000770400000, 0x00000007c0000000)
  eden space 65536K, 99% used [0x000000076af00000,0x000000076eef5b48,0x000000076ef00000)
  from space 10752K, 90% used [0x000000076f980000,0x00000007702fdd30,0x0000000770400000)
  to   space 10752K, 0% used [0x000000076ef00000,0x000000076ef00000,0x000000076f980000)
 ParOldGen       total 125440K, used 8012K [0x00000006c0c00000, 0x00000006c8680000, 0x000000076af00000)
  object space 125440K, 6% used [0x00000006c0c00000,0x00000006c13d3040,0x00000006c8680000)
 Metaspace       used 26786K, capacity 27790K, committed 27952K, reserved 1073152K
  class space    used 3559K, capacity 3776K, committed 3888K, reserved 1048576K
Event: 35.085 GC heap after
Heap after GC invocations=4 (full 1):
 PSYoungGen      total 76288K, used 9814K [0x000000076af00000, 0x0000000772480000, 0x00000007c0000000)
  eden space 65536K, 0% used [0x000000076af00000,0x000000076af00000,0x000000076ef00000)
  from space 10752K, 91% used [0x000000076ef00000,0x000000076f8959e0,0x000000076f980000)
  to   space 10752K, 0% used [0x0000000771a00000,0x0000000771a00000,0x0000000772480000)
 ParOldGen       total 125440K, used 8020K [0x00000006c0c00000, 0x00000006c8680000, 0x000000076af00000)
  object space 125440K, 6% used [0x00000006c0c00000,0x00000006c13d5040,0x00000006c8680000)
 Metaspace       used 26786K, capacity 27790K, committed 27952K, reserved 1073152K
  class space    used 3559K, capacity 3776K, committed 3888K, reserved 1048576K
}
Event: 35.100 GC heap before
{Heap before GC invocations=5 (full 1):
 PSYoungGen      total 76288K, used 75317K [0x000000076af00000, 0x0000000772480000, 0x00000007c0000000)
  eden space 65536K, 99% used [0x000000076af00000,0x000000076eef7c60,0x000000076ef00000)
  from space 10752K, 91% used [0x000000076ef00000,0x000000076f8959e0,0x000000076f980000)
  to   space 10752K, 0% used [0x0000000771a00000,0x0000000771a00000,0x0000000772480000)
 ParOldGen       total 125440K, used 8020K [0x00000006c0c00000, 0x00000006c8680000, 0x000000076af00000)
  object space 125440K, 6% used [0x00000006c0c00000,0x00000006c13d5040,0x00000006c8680000)
 Metaspace       used 26800K, capacity 27790K, committed 27952K, reserved 1073152K
  class space    used 3559K, capacity 3776K, committed 3888K, reserved 1048576K
Event: 35.105 GC heap after
Heap after GC invocations=5 (full 1):
 PSYoungGen      total 76288K, used 9823K [0x000000076af00000, 0x0000000772480000, 0x00000007c0000000)
  eden space 65536K, 0% used [0x000000076af00000,0x000000076af00000,0x000000076ef00000)
  from space 10752K, 91% used [0x0000000771a00000,0x0000000772397cb0,0x0000000772480000)
  to   space 10752K, 0% used [0x000000076ef00000,0x000000076ef00000,0x000000076f980000)
 ParOldGen       total 125440K, used 8028K [0x00000006c0c00000, 0x00000006c8680000, 0x000000076af00000)
  object space 125440K, 6% used [0x00000006c0c00000,0x00000006c13d7040,0x00000006c8680000)
 Metaspace       used 26800K, capacity 27790K, committed 27952K, reserved 1073152K
  class space    used 3559K, capacity 3776K, committed 3888K, reserved 1048576K
}
Event: 35.115 GC heap before
{Heap before GC invocations=6 (full 1):
 PSYoungGen      total 76288K, used 75347K [0x000000076af00000, 0x0000000772480000, 0x00000007c0000000)
  eden space 65536K, 99% used [0x000000076af00000,0x000000076eefd340,0x000000076ef00000)
  from space 10752K, 91% used [0x0000000771a00000,0x0000000772397cb0,0x0000000772480000)
  to   space 10752K, 0% used [0x000000076ef00000,0x000000076ef00000,0x000000076f980000)
 ParOldGen       total 125440K, used 8028K [0x00000006c0c00000, 0x00000006c8680000, 0x000000076af00000)
  object space 125440K, 6% used [0x00000006c0c00000,0x00000006c13d7040,0x00000006c8680000)
 Metaspace       used 26800K, capacity 27790K, committed 27952K, reserved 1073152K
  class space    used 3559K, capacity 3776K, committed 3888K, reserved 1048576K
Event: 35.119 GC heap after
Heap after GC invocations=6 (full 1):
 PSYoungGen      total 76288K, used 9937K [0x000000076af00000, 0x0000000772480000, 0x00000007c0000000)
  eden space 65536K, 0% used [0x000000076af00000,0x000000076af00000,0x000000076ef00000)
  from space 10752K, 92% used [0x000000076ef00000,0x000000076f8b4438,0x000000076f980000)
  to   space 10752K, 0% used [0x0000000771a00000,0x0000000771a00000,0x0000000772480000)
 ParOldGen       total 125440K, used 8036K [0x00000006c0c00000, 0x00000006c8680000, 0x000000076af00000)
  object space 125440K, 6% used [0x00000006c0c00000,0x00000006c13d9040,0x00000006c8680000)
 Metaspace       used 26800K, capacity 27790K, committed 27952K, reserved 1073152K
  class space    used 3559K, capacity 3776K, committed 3888K, reserved 1048576K
}
Event: 35.130 GC heap before
{Heap before GC invocations=7 (full 1):
 PSYoungGen      total 76288K, used 75387K [0x000000076af00000, 0x0000000772480000, 0x00000007c0000000)
  eden space 65536K, 99% used [0x000000076af00000,0x000000076eeea8d8,0x000000076ef00000)
  from space 10752K, 92% used [0x000000076ef00000,0x000000076f8b4438,0x000000076f980000)
  to   space 10752K, 0% used [0x0000000771a00000,0x0000000771a00000,0x0000000772480000)
 ParOldGen       total 125440K, used 8036K [0x00000006c0c00000, 0x00000006c8680000, 0x000000076af00000)
  object space 125440K, 6% used [0x00000006c0c00000,0x00000006c13d9040,0x00000006c8680000)
 Metaspace       used 26801K, capacity 27790K, committed 27952K, reserved 1073152K
  class space    used 3559K, capacity 3776K, committed 3888K, reserved 1048576K
Event: 35.134 GC heap after
Heap after GC invocations=7 (full 1):
 PSYoungGen      total 76288K, used 9848K [0x000000076af00000, 0x0000000772480000, 0x00000007c0000000)
  eden space 65536K, 0% used [0x000000076af00000,0x000000076af00000,0x000000076ef00000)
  from space 10752K, 91% used [0x0000000771a00000,0x000000077239e1c8,0x0000000772480000)
  to   space 10752K, 0% used [0x000000076ef00000,0x000000076ef00000,0x000000076f980000)
 ParOldGen       total 125440K, used 8036K [0x00000006c0c00000, 0x00000006c8680000, 0x000000076af00000)
  object space 125440K, 6% used [0x00000006c0c00000,0x00000006c13d9040,0x00000006c8680000)
 Metaspace       used 26801K, capacity 27790K, committed 27952K, reserved 1073152K
  class space    used 3559K, capacity 3776K, committed 3888K, reserved 1048576K
}

Deoptimization events (10 events):
Event: 35.135 Thread 0x000000001de29800 Uncommon trap: reason=unstable_if action=reinterpret pc=0x0000000002d638d4 method=sun.text.normalizer.TrieIterator.next(Lsun/text/normalizer/RangeValueIterator$Element;)Z @ 6
Event: 35.159 Thread 0x000000001de29800 Uncommon trap: reason=unstable_if action=reinterpret pc=0x0000000002df4bcc method=java.util.regex.Pattern$Ctype.isSatisfiedBy(I)Z @ 4
Event: 35.171 Thread 0x000000001de29800 Uncommon trap: reason=unstable_if action=reinterpret pc=0x000000000304ebb8 method=sun.text.normalizer.UnicodeSet.findCodePoint(I)I @ 32
Event: 35.286 Thread 0x000000001dbf5800 Uncommon trap: reason=unstable_if action=reinterpret pc=0x0000000003301fb4 method=com.sun.prism.impl.BaseGraphics.validateTransformAndPaint()V @ 20
Event: 35.287 Thread 0x000000001dbf5800 Uncommon trap: reason=unstable_if action=reinterpret pc=0x00000000032bab84 method=java.lang.Math.round(F)I @ 36
Event: 35.287 Thread 0x000000001dbf5800 Uncommon trap: reason=class_check action=maybe_recompile pc=0x0000000003640234 method=com.sun.prism.impl.GlyphCache.getCachedGlyph(II)Lcom/sun/prism/impl/GlyphCache$GlyphData; @ 81
Event: 35.287 Thread 0x000000001dbf5800 Uncommon trap: reason=class_check action=maybe_recompile pc=0x0000000003640234 method=com.sun.prism.impl.GlyphCache.getCachedGlyph(II)Lcom/sun/prism/impl/GlyphCache$GlyphData; @ 81
Event: 35.288 Thread 0x000000001dbf5800 Uncommon trap: reason=class_check action=maybe_recompile pc=0x0000000003640234 method=com.sun.prism.impl.GlyphCache.getCachedGlyph(II)Lcom/sun/prism/impl/GlyphCache$GlyphData; @ 81
Event: 35.288 Thread 0x000000001dbf5800 Uncommon trap: reason=class_check action=maybe_recompile pc=0x0000000003640234 method=com.sun.prism.impl.GlyphCache.getCachedGlyph(II)Lcom/sun/prism/impl/GlyphCache$GlyphData; @ 81
Event: 35.291 Thread 0x000000001dbf5800 Uncommon trap: reason=unstable_if action=reinterpret pc=0x00000000034f05c0 method=com.sun.javafx.geom.transform.AffineBase.transform2DBounds(Lcom/sun/javafx/geom/RectBounds;Lcom/sun/javafx/geom/RectBounds;)Lcom/sun/javafx/geom/BaseBounds; @ 566

Internal exceptions (10 events):
Event: 34.090 Thread 0x000000001de29800 Implicit null exception at 0x00000000034cd98d to 0x00000000034cf5f1
Event: 34.159 Thread 0x000000001de29800 Exception <a 'sun/nio/fs/WindowsException'> (0x000000076de72a90) thrown at [C:\re\workspace\8-2-build-windows-amd64-cygwin\jdk8u144\9417\hotspot\src\share\vm\prims\jni.cpp, line 709]
Event: 34.160 Thread 0x000000001de29800 Exception <a 'sun/nio/fs/WindowsException'> (0x000000076de750c8) thrown at [C:\re\workspace\8-2-build-windows-amd64-cygwin\jdk8u144\9417\hotspot\src\share\vm\prims\jni.cpp, line 709]
Event: 34.209 Thread 0x000000001dbf5800 Implicit null exception at 0x000000000336d7cf to 0x000000000336dfe9
Event: 34.654 Thread 0x000000001daf5000 Exception <a 'sun/nio/fs/WindowsException'> (0x000000076e8eb478) thrown at [C:\re\workspace\8-2-build-windows-amd64-cygwin\jdk8u144\9417\hotspot\src\share\vm\prims\jni.cpp, line 709]
Event: 34.979 Thread 0x000000001de29800 Exception <a 'java/io/FileNotFoundException'> (0x000000076af8d7f8) thrown at [C:\re\workspace\8-2-build-windows-amd64-cygwin\jdk8u144\9417\hotspot\src\share\vm\prims\jni.cpp, line 709]
Event: 34.979 Thread 0x000000001de29800 Exception <a 'java/io/FileNotFoundException'> (0x000000076af8eac0) thrown at [C:\re\workspace\8-2-build-windows-amd64-cygwin\jdk8u144\9417\hotspot\src\share\vm\prims\jni.cpp, line 709]
Event: 34.980 Thread 0x000000001de29800 Exception <a 'java/io/FileNotFoundException'> (0x000000076af945f8) thrown at [C:\re\workspace\8-2-build-windows-amd64-cygwin\jdk8u144\9417\hotspot\src\share\vm\prims\jni.cpp, line 709]
Event: 34.980 Thread 0x000000001de29800 Exception <a 'java/io/FileNotFoundException'> (0x000000076af95828) thrown at [C:\re\workspace\8-2-build-windows-amd64-cygwin\jdk8u144\9417\hotspot\src\share\vm\prims\jni.cpp, line 709]
Event: 34.995 Thread 0x000000001dbf5800 Implicit null exception at 0x00000000033e8801 to 0x00000000033e88bd

Events (10 events):
Event: 35.288 Thread 0x000000001dbf5800 Uncommon trap: trap_request=0xffffffde fr.pc=0x0000000003640234
Event: 35.288 Thread 0x000000001dbf5800 DEOPT PACKING pc=0x0000000003640234 sp=0x000000001e71adc0
Event: 35.288 Thread 0x000000001dbf5800 DEOPT UNPACKING pc=0x000000000288582a sp=0x000000001e71ad38 mode 2
Event: 35.291 Thread 0x000000001dbf5800 Uncommon trap: trap_request=0xffffff65 fr.pc=0x00000000034f05c0
Event: 35.291 Thread 0x000000001dbf5800 DEOPT PACKING pc=0x00000000034f05c0 sp=0x000000001e71b100
Event: 35.291 Thread 0x000000001dbf5800 DEOPT UNPACKING pc=0x000000000288582a sp=0x000000001e71b068 mode 2
Event: 35.296 Executing VM operation: RevokeBias
Event: 35.296 Executing VM operation: RevokeBias done
Event: 35.304 Executing VM operation: RevokeBias
Event: 35.304 Executing VM operation: RevokeBias done


Dynamic libraries:
0x00007ff7d37f0000 - 0x00007ff7d3827000 	C:\Program Files\Java\jdk1.8.0_144\jre\bin\java.exe
0x00007ff8b4880000 - 0x00007ff8b4a61000 	C:\WINDOWS\SYSTEM32\ntdll.dll
0x00007ff8b2310000 - 0x00007ff8b23c2000 	C:\WINDOWS\System32\KERNEL32.DLL
0x00007ff8b1a90000 - 0x00007ff8b1d03000 	C:\WINDOWS\System32\KERNELBASE.dll
0x00007ff8b46d0000 - 0x00007ff8b4771000 	C:\WINDOWS\System32\ADVAPI32.dll
0x00007ff8b3010000 - 0x00007ff8b30ae000 	C:\WINDOWS\System32\msvcrt.dll
0x00007ff8b2960000 - 0x00007ff8b29bb000 	C:\WINDOWS\System32\sechost.dll
0x00007ff8b1df0000 - 0x00007ff8b1f14000 	C:\WINDOWS\System32\RPCRT4.dll
0x00007ff8b2cb0000 - 0x00007ff8b2e40000 	C:\WINDOWS\System32\USER32.dll
0x00007ff8b17e0000 - 0x00007ff8b1800000 	C:\WINDOWS\System32\win32u.dll
0x00007ff8b2890000 - 0x00007ff8b28b8000 	C:\WINDOWS\System32\GDI32.dll
0x00007ff8b1360000 - 0x00007ff8b14f2000 	C:\WINDOWS\System32\gdi32full.dll
0x00007ff8b1800000 - 0x00007ff8b189f000 	C:\WINDOWS\System32\msvcp_win.dll
0x00007ff8b1500000 - 0x00007ff8b15fa000 	C:\WINDOWS\System32\ucrtbase.dll
0x00007ff8a6150000 - 0x00007ff8a63b9000 	C:\WINDOWS\WinSxS\amd64_microsoft.windows.common-controls_6595b64144ccf1df_6.0.17134.345_none_fb429a5930656358\COMCTL32.dll
0x00007ff8b1f80000 - 0x00007ff8b22a3000 	C:\WINDOWS\System32\combase.dll
0x00007ff8b1710000 - 0x00007ff8b178a000 	C:\WINDOWS\System32\bcryptPrimitives.dll
0x00007ff8b2e40000 - 0x00007ff8b2e6d000 	C:\WINDOWS\System32\IMM32.DLL
0x0000000076830000 - 0x0000000076902000 	C:\Program Files\Java\jdk1.8.0_144\jre\bin\msvcr100.dll
0x0000000076910000 - 0x00000000771ad000 	C:\Program Files\Java\jdk1.8.0_144\jre\bin\server\jvm.dll
0x00007ff8b1de0000 - 0x00007ff8b1de8000 	C:\WINDOWS\System32\PSAPI.DLL
0x00007ff89f1e0000 - 0x00007ff89f1e9000 	C:\WINDOWS\SYSTEM32\WSOCK32.dll
0x00007ff8acaa0000 - 0x00007ff8acaaa000 	C:\WINDOWS\SYSTEM32\VERSION.dll
0x00007ff8b2820000 - 0x00007ff8b288c000 	C:\WINDOWS\System32\WS2_32.dll
0x00007ff8ada30000 - 0x00007ff8ada53000 	C:\WINDOWS\SYSTEM32\WINMM.dll
0x00007ff8ada00000 - 0x00007ff8ada2a000 	C:\WINDOWS\SYSTEM32\winmmbase.dll
0x00007ff8b1790000 - 0x00007ff8b17d9000 	C:\WINDOWS\System32\cfgmgr32.dll
0x0000000050010000 - 0x000000005001f000 	C:\Program Files\Java\jdk1.8.0_144\jre\bin\verify.dll
0x0000000077c60000 - 0x0000000077c89000 	C:\Program Files\Java\jdk1.8.0_144\jre\bin\java.dll
0x00000000767d0000 - 0x00000000767e6000 	C:\Program Files\Java\jdk1.8.0_144\jre\bin\zip.dll
0x00007ff8b3110000 - 0x00007ff8b454f000 	C:\WINDOWS\System32\SHELL32.dll
0x00007ff8b4780000 - 0x00007ff8b4829000 	C:\WINDOWS\System32\shcore.dll
0x00007ff8b0c50000 - 0x00007ff8b135d000 	C:\WINDOWS\System32\windows.storage.dll
0x00007ff8b30b0000 - 0x00007ff8b3101000 	C:\WINDOWS\System32\shlwapi.dll
0x00007ff8b0c10000 - 0x00007ff8b0c21000 	C:\WINDOWS\System32\kernel.appcore.dll
0x00007ff8b0bf0000 - 0x00007ff8b0c0f000 	C:\WINDOWS\System32\profapi.dll
0x00007ff8b0ba0000 - 0x00007ff8b0bec000 	C:\WINDOWS\System32\powrprof.dll
0x00007ff8b0b90000 - 0x00007ff8b0b9a000 	C:\WINDOWS\System32\FLTLIB.DLL
0x00007ff893210000 - 0x00007ff8932ff000 	C:\Program Files\Java\jdk1.8.0_144\jre\bin\msvcr120.dll
0x00007ff899440000 - 0x00007ff8994e6000 	C:\Program Files\Java\jdk1.8.0_144\jre\bin\msvcp120.dll
0x0000000073350000 - 0x0000000073372000 	C:\Program Files\Java\jdk1.8.0_144\jre\bin\prism_d3d.dll
0x00007ff8aa100000 - 0x00007ff8aa297000 	C:\WINDOWS\system32\d3d9.dll
0x00007ff8af320000 - 0x00007ff8af349000 	C:\WINDOWS\SYSTEM32\dwmapi.dll
0x00007ff8af250000 - 0x00007ff8af2e8000 	C:\WINDOWS\system32\uxtheme.dll
0x00007ff8a9cd0000 - 0x00007ff8a9dbe000 	C:\WINDOWS\System32\DriverStore\FileRepository\nv_dispi.inf_amd64_f4187dc256a67a6b\nvldumdx.dll
0x00007ff8b18a0000 - 0x00007ff8b1a82000 	C:\WINDOWS\System32\crypt32.dll
0x00007ff8b0c30000 - 0x00007ff8b0c42000 	C:\WINDOWS\System32\MSASN1.dll
0x00007ff8b16b0000 - 0x00007ff8b1707000 	C:\WINDOWS\System32\WINTRUST.DLL
0x00007ff8b4830000 - 0x00007ff8b484d000 	C:\WINDOWS\System32\imagehlp.dll
0x00007ff8b05c0000 - 0x00007ff8b05d7000 	C:\WINDOWS\SYSTEM32\CRYPTSP.dll
0x00007ff8aff90000 - 0x00007ff8affc3000 	C:\WINDOWS\system32\rsaenh.dll
0x00007ff8b06f0000 - 0x00007ff8b0715000 	C:\WINDOWS\SYSTEM32\bcrypt.dll
0x00007ff8b05e0000 - 0x00007ff8b05eb000 	C:\WINDOWS\SYSTEM32\CRYPTBASE.dll
0x00007ff854680000 - 0x00007ff855a67000 	C:\WINDOWS\System32\DriverStore\FileRepository\nv_dispi.inf_amd64_f4187dc256a67a6b\nvd3dumx.dll
0x0000000073300000 - 0x0000000073343000 	C:\Program Files\Java\jdk1.8.0_144\jre\bin\glass.dll
0x00007ff8b29c0000 - 0x00007ff8b2aad000 	C:\WINDOWS\System32\COMDLG32.dll
0x00007ff8b2b40000 - 0x00007ff8b2c91000 	C:\WINDOWS\System32\ole32.dll
0x00007ff8b1d10000 - 0x00007ff8b1dd2000 	C:\WINDOWS\System32\OLEAUT32.dll
0x00007ff8b4550000 - 0x00007ff8b46c4000 	C:\WINDOWS\System32\MSCTF.dll
0x00007ff8a71f0000 - 0x00007ff8a72b4000 	C:\Program Files (x86)\NVIDIA Corporation\3D Vision\nvSCPAPI64.dll
0x00007ff8b23d0000 - 0x00007ff8b281b000 	C:\WINDOWS\System32\SETUPAPI.dll
0x00007ff8843a0000 - 0x00007ff884628000 	C:\WINDOWS\system32\nvspcap64.dll
0x00007ff8afcb0000 - 0x00007ff8afce1000 	C:\WINDOWS\SYSTEM32\ntmarta.dll
0x00007ff8af8d0000 - 0x00007ff8af8f2000 	C:\WINDOWS\SYSTEM32\gpapi.dll
0x00007ff8abd40000 - 0x00007ff8abd6e000 	C:\WINDOWS\SYSTEM32\cryptnet.dll
0x00000000764f0000 - 0x0000000076514000 	C:\Program Files\Java\jdk1.8.0_144\jre\bin\sunec.dll
0x00000000764e0000 - 0x00000000764eb000 	C:\Program Files\Java\jdk1.8.0_144\jre\bin\sunmscapi.dll
0x00000000767b0000 - 0x00000000767ca000 	C:\Program Files\Java\jdk1.8.0_144\jre\bin\net.dll
0x00007ff8b0410000 - 0x00007ff8b0476000 	C:\WINDOWS\system32\mswsock.dll
0x00007ff8b01d0000 - 0x00007ff8b028e000 	C:\WINDOWS\SYSTEM32\DNSAPI.dll
0x00007ff8b2ab0000 - 0x00007ff8b2ab8000 	C:\WINDOWS\System32\NSI.dll
0x00007ff8b0190000 - 0x00007ff8b01c8000 	C:\WINDOWS\SYSTEM32\IPHLPAPI.DLL
0x00007ff8a3b60000 - 0x00007ff8a3b6a000 	C:\Windows\System32\rasadhlp.dll
0x00007ff8a3360000 - 0x00007ff8a33d2000 	C:\WINDOWS\System32\fwpuclnt.dll
0x00000000732e0000 - 0x00000000732f4000 	C:\Program Files\Java\jdk1.8.0_144\jre\bin\javafx_font.dll
0x00007ff89b790000 - 0x00007ff89baac000 	C:\WINDOWS\SYSTEM32\dwrite.dll
0x00007ff8b28c0000 - 0x00007ff8b2960000 	C:\WINDOWS\System32\clbcatq.dll
0x00007ff8acb40000 - 0x00007ff8accee000 	C:\WINDOWS\SYSTEM32\WindowsCodecs.dll
0x00007ff8a2f20000 - 0x00007ff8a2f78000 	C:\WINDOWS\system32\dataexchange.dll
0x00007ff8adb20000 - 0x00007ff8ade2b000 	C:\WINDOWS\system32\d3d11.dll
0x00007ff8ae840000 - 0x00007ff8ae9dc000 	C:\WINDOWS\system32\dcomp.dll
0x00007ff8af950000 - 0x00007ff8afa0b000 	C:\WINDOWS\system32\dxgi.dll
0x00007ff8af460000 - 0x00007ff8af618000 	C:\WINDOWS\system32\twinapi.appcore.dll
0x00007ff8af400000 - 0x00007ff8af421000 	C:\WINDOWS\system32\RMCLIENT.dll
0x00007ff8a8770000 - 0x00007ff8a87a4000 	C:\Program Files\Common Files\Microsoft Shared\Ink\rtscom.dll
0x00007ff8a83f0000 - 0x00007ff8a8487000 	C:\WINDOWS\System32\TextInputFramework.dll
0x00007ff8ae9e0000 - 0x00007ff8aeaba000 	C:\WINDOWS\System32\CoreMessaging.dll
0x00007ff8ac5c0000 - 0x00007ff8ac8de000 	C:\WINDOWS\System32\CoreUIComponents.dll
0x00007ff8ac470000 - 0x00007ff8ac5bd000 	C:\WINDOWS\SYSTEM32\wintypes.dll
0x00007ff8ae270000 - 0x00007ff8ae837000 	C:\WINDOWS\SYSTEM32\d2d1.dll
0x00007ff889680000 - 0x00007ff889dfe000 	C:\WINDOWS\SYSTEM32\D3D10Warp.dll
0x00007ff8aaba0000 - 0x00007ff8aabb6000 	C:\WINDOWS\SYSTEM32\dhcpcsvc6.DLL
0x00007ff8aaff0000 - 0x00007ff8ab00a000 	C:\WINDOWS\SYSTEM32\dhcpcsvc.DLL
0x0000000076790000 - 0x00000000767a1000 	C:\Program Files\Java\jdk1.8.0_144\jre\bin\nio.dll
0x00007ff8b0ac0000 - 0x00007ff8b0ae8000 	C:\WINDOWS\SYSTEM32\USERENV.dll
0x00000000732b0000 - 0x00000000732d3000 	C:\Program Files\Java\jdk1.8.0_144\jre\bin\javafx_iio.dll
0x00007ff899e30000 - 0x00007ff89a030000 	C:\WINDOWS\SYSTEM32\UIAutomationCore.DLL
0x0000000073290000 - 0x00000000732a1000 	C:\Program Files\Java\jdk1.8.0_144\jre\bin\prism_common.dll
0x00007ff8a4f00000 - 0x00007ff8a4f73000 	C:\Windows\System32\OneCoreCommonProxyStub.dll
0x0000000070ad0000 - 0x0000000073284000 	C:\Program Files\Java\jdk1.8.0_144\jre\bin\jfxwebkit.dll
0x0000000070a50000 - 0x0000000070ac3000 	C:\Program Files\Java\jdk1.8.0_144\jre\bin\glib-lite.dll
0x00000000709b0000 - 0x0000000070a4c000 	C:\Program Files\Java\jdk1.8.0_144\jre\bin\gstreamer-lite.dll
0x00007ff893a40000 - 0x00007ff893acf000 	C:\WINDOWS\SYSTEM32\DSOUND.dll
0x0000000070980000 - 0x00000000709a5000 	C:\Program Files\Java\jdk1.8.0_144\jre\bin\jfxmedia.dll

VM Arguments:
jvm_args: -Dfile.encoding=UTF-8 
java_command: C:\Users\nhinc\workplace\M1_S1_IHM_PROJECT\dist\run1034321626\M1_S1_IHM_PROJECT.jar
java_class_path (initial): C:\Users\nhinc\workplace\M1_S1_IHM_PROJECT\dist\run1034321626\M1_S1_IHM_PROJECT.jar
Launcher Type: SUN_STANDARD

Environment Variables:
PATH=C:\oraclexe\app\oracle\product\11.2.0\server\bin;;C:\Program Files (x86)\Common Files\Oracle\Java\javapath;C:\ProgramData\Oracle\Java\javapath;C:\WINDOWS\system32;C:\WINDOWS;C:\WINDOWS\System32\Wbem;C:\WINDOWS\System32\WindowsPowerShell\v1.0\;C:\Program Files (x86)\NVIDIA Corporation\PhysX\Common;C:\WINDOWS\system32;C:\WINDOWS;C:\WINDOWS\System32\Wbem;C:\WINDOWS\System32\WindowsPowerShell\v1.0\;C:\WINDOWS\System32\OpenSSH\;C:\wamp64\bin\php\php7.2.10;C:\ProgramData\ComposerSetup\bin;C:\Program Files\Git\cmd;C:\Program Files\Git\mingw64\bin;C:\Program Files\Git\usr\bin;C:\Program Files\Microsoft VS Code\bin;C:\Program Files\nodejs\;C:\Program Files (x86)\Brackets\command;C:\Users\nhinc\AppData\Local\Microsoft\WindowsApps;C:\Users\nhinc\AppData\Local\atom\bin;C:\Users\nhinc\AppData\Local\Microsoft\WindowsApps;C:\Users\nhinc\AppData\Roaming\Composer\vendor\bin;C:\Users\nhinc\AppData\Roaming\npm
USERNAME=Nico
OS=Windows_NT
PROCESSOR_IDENTIFIER=Intel64 Family 6 Model 60 Stepping 3, GenuineIntel



---------------  S Y S T E M  ---------------

OS: Windows 10.0 , 64 bit Build 17134 (10.0.17134.1)

CPU:total 4 (initial active 4) (4 cores per cpu, 1 threads per core) family 6 model 60 stepping 3, cmov, cx8, fxsr, mmx, sse, sse2, sse3, ssse3, sse4.1, sse4.2, popcnt, avx, avx2, aes, clmul, erms, lzcnt, tsc, tscinvbit, bmi1, bmi2

Memory: 4k page, physical 16724704k(3893168k free), swap 16724704k(5168k free)

vm_info: Java HotSpot(TM) 64-Bit Server VM (25.144-b01) for windows-amd64 JRE (1.8.0_144-b01), built on Jul 21 2017 21:57:33 by "java_re" with MS VC++ 10.0 (VS2010)

time: Tue Dec 11 01:03:13 2018
elapsed time: 35 seconds (0d 0h 0m 35s)

