#
# There is insufficient memory for the Java Runtime Environment to continue.
# Native memory allocation (malloc) failed to allocate 349456 bytes for Chunk::new
# Possible reasons:
#   The system is out of physical RAM or swap space
#   In 32 bit mode, the process size limit was hit
# Possible solutions:
#   Reduce memory load on the system
#   Increase physical memory or swap space
#   Check if swap backing store is full
#   Use 64 bit Java on a 64 bit OS
#   Decrease Java heap size (-Xmx/-Xms)
#   Decrease number of Java threads
#   Decrease Java thread stack sizes (-Xss)
#   Set larger code cache with -XX:ReservedCodeCacheSize=
# This output file may be truncated or incomplete.
#
#  Out of Memory Error (allocation.cpp:390), pid=2272, tid=0x0000000000002f30
#
# JRE version: Java(TM) SE Runtime Environment (8.0_144-b01) (build 1.8.0_144-b01)
# Java VM: Java HotSpot(TM) 64-Bit Server VM (25.144-b01 mixed mode windows-amd64 compressed oops)
# Failed to write core dump. Minidumps are not enabled by default on client versions of Windows
#

---------------  T H R E A D  ---------------

Current thread (0x000000001c12c800):  JavaThread "C2 CompilerThread0" daemon [_thread_in_native, id=12080, stack(0x000000001d7a0000,0x000000001d8a0000)]

Stack: [0x000000001d7a0000,0x000000001d8a0000]
[error occurred during error reporting (printing stack bounds), id 0xc0000005]

Native frames: (J=compiled Java code, j=interpreted, Vv=VM code, C=native code)


Current CompileTask:
C2:   4550 3895       4       com.sun.prism.impl.GlyphCache::render (326 bytes)


---------------  P R O C E S S  ---------------

Java Threads: ( => current thread )
  0x000000002acff000 JavaThread "URL-Loader-11" daemon [_thread_blocked, id=10548, stack(0x00000000346e0000,0x00000000347e0000)]
  0x000000002a9a6000 JavaThread "URL-Loader-10" daemon [_thread_blocked, id=3608, stack(0x0000000031e50000,0x0000000031f50000)]
  0x000000002a9a5000 JavaThread "URL-Loader-9" daemon [_thread_blocked, id=6160, stack(0x0000000031d50000,0x0000000031e50000)]
  0x000000002a9a3800 JavaThread "URL-Loader-8" daemon [_thread_blocked, id=9108, stack(0x0000000030dc0000,0x0000000030ec0000)]
  0x000000002a9a2800 JavaThread "URL-Loader-7" daemon [_thread_blocked, id=1304, stack(0x0000000030bc0000,0x0000000030cc0000)]
  0x000000002a9a4000 JavaThread "URL-Loader-6" daemon [_thread_blocked, id=10176, stack(0x0000000030ac0000,0x0000000030bc0000)]
  0x000000002a9a1000 JavaThread "URL-Loader-5" daemon [_thread_blocked, id=2504, stack(0x000000002f9f0000,0x000000002faf0000)]
  0x000000002a9a6800 JavaThread "Thread-5" daemon [_thread_in_native, id=10232, stack(0x000000002e920000,0x000000002ea20000)]
  0x000000002a9a8000 JavaThread "URL-Loader-4" daemon [_thread_blocked, id=10056, stack(0x000000002e520000,0x000000002e620000)]
  0x000000002a9a7800 JavaThread "URL-Loader-3" daemon [_thread_blocked, id=8392, stack(0x000000002e420000,0x000000002e520000)]
  0x000000002a9a2000 JavaThread "URL-Loader-2" daemon [_thread_blocked, id=8844, stack(0x000000002e320000,0x000000002e420000)]
  0x000000002aac3000 JavaThread "URL-Loader-1" daemon [_thread_blocked, id=5180, stack(0x000000002d1a0000,0x000000002d2a0000)]
  0x000000002ab92000 JavaThread "Disposer" daemon [_thread_blocked, id=6984, stack(0x000000002d0a0000,0x000000002d1a0000)]
  0x000000002a63e000 JavaThread "Keep-Alive-Timer" daemon [_thread_blocked, id=1500, stack(0x000000002c2a0000,0x000000002c3a0000)]
  0x00000000275f8000 JavaThread "Prism Font Disposer" daemon [_thread_blocked, id=3216, stack(0x0000000029320000,0x0000000029420000)]
  0x000000001de94800 JavaThread "Thread-3" daemon [_thread_in_native, id=1504, stack(0x0000000027a90000,0x0000000027b90000)]
  0x000000001de91800 JavaThread "JavaFX-Launcher" [_thread_blocked, id=14716, stack(0x0000000027b90000,0x0000000027c90000)]
  0x000000001de16000 JavaThread "JavaFX Application Thread" [_thread_in_native, id=8252, stack(0x000000001e990000,0x000000001ea90000)]
  0x000000001de15800 JavaThread "Thread-1" daemon [_thread_blocked, id=2916, stack(0x000000001e890000,0x000000001e990000)]
  0x000000001de06000 JavaThread "QuantumRenderer-0" daemon [_thread_blocked, id=4212, stack(0x000000001e0a0000,0x000000001e1a0000)]
  0x000000001dac0800 JavaThread "Service Thread" daemon [_thread_blocked, id=15092, stack(0x000000001dea0000,0x000000001dfa0000)]
  0x000000001c135800 JavaThread "C1 CompilerThread2" daemon [_thread_blocked, id=2524, stack(0x000000001d9a0000,0x000000001daa0000)]
  0x000000001c132800 JavaThread "C2 CompilerThread1" daemon [_thread_blocked, id=3116, stack(0x000000001d8a0000,0x000000001d9a0000)]
=>0x000000001c12c800 JavaThread "C2 CompilerThread0" daemon [_thread_in_native, id=12080, stack(0x000000001d7a0000,0x000000001d8a0000)]
  0x000000001c12b000 JavaThread "Attach Listener" daemon [_thread_blocked, id=5236, stack(0x000000001d6a0000,0x000000001d7a0000)]
  0x000000001c12a000 JavaThread "Signal Dispatcher" daemon [_thread_blocked, id=9436, stack(0x000000001d5a0000,0x000000001d6a0000)]
  0x0000000002acb000 JavaThread "Finalizer" daemon [_thread_blocked, id=14800, stack(0x000000001d380000,0x000000001d480000)]
  0x0000000002ac0000 JavaThread "Reference Handler" daemon [_thread_blocked, id=2536, stack(0x000000001d280000,0x000000001d380000)]
  0x00000000029d0800 JavaThread "main" [_thread_blocked, id=8848, stack(0x00000000028d0000,0x00000000029d0000)]

Other Threads:
  0x000000001c0f7800 VMThread [stack: 0x000000001d180000,0x000000001d280000] [id=13932]
  0x000000001dacd800 WatcherThread [stack: 0x000000001dfa0000,0x000000001e0a0000] [id=14580]

VM state:not at safepoint (normal execution)

VM Mutex/Monitor currently owned by a thread: None

Heap:
 PSYoungGen      total 124928K, used 27949K [0x000000076af00000, 0x0000000779280000, 0x00000007c0000000)
  eden space 114176K, 16% used [0x000000076af00000,0x000000076c0f17a0,0x0000000771e80000)
  from space 10752K, 89% used [0x0000000771e80000,0x00000007727d9cc8,0x0000000772900000)
  to   space 10752K, 0% used [0x0000000778800000,0x0000000778800000,0x0000000779280000)
 ParOldGen       total 125440K, used 8201K [0x00000006c0c00000, 0x00000006c8680000, 0x000000076af00000)
  object space 125440K, 6% used [0x00000006c0c00000,0x00000006c14024f0,0x00000006c8680000)
 Metaspace       used 26447K, capacity 27468K, committed 27696K, reserved 1073152K
  class space    used 3563K, capacity 3801K, committed 3888K, reserved 1048576K

Card table byte_map: [0x0000000011e90000,0x0000000012690000] byte_map_base: 0x000000000e88a000

Marking Bits: (ParMarkBitMap*) 0x000000007712d850
 Begin Bits: [0x0000000012ff0000, 0x0000000016fc0000)
 End Bits:   [0x0000000016fc0000, 0x000000001af90000)

Polling page: 0x0000000000e80000

CodeCache: size=245760Kb used=12322Kb max_used=12322Kb free=233437Kb
 bounds [0x0000000002ad0000, 0x00000000036e0000, 0x0000000011ad0000]
 total_blobs=4720 nmethods=3902 adapters=729
 compilation: enabled

Compilation events (10 events):
Event: 4.522 Thread 0x000000001c135800 3899       3       com.sun.glass.ui.win.WinApplication::submitForLaterInvocation (6 bytes)
Event: 4.522 Thread 0x000000001c135800 nmethod 3899 0x00000000036d1f10 code [0x00000000036d2080, 0x00000000036d2208]
Event: 4.522 Thread 0x000000001c135800 3896       3       com.sun.javafx.sg.prism.CacheFilter::unsupported (144 bytes)
Event: 4.522 Thread 0x000000001c135800 nmethod 3896 0x00000000036da150 code [0x00000000036da360, 0x00000000036da930]
Event: 4.522 Thread 0x000000001c135800 3897       3       com.sun.javafx.sg.prism.CacheFilter::needToRenderCache (391 bytes)
Event: 4.523 Thread 0x000000001c135800 nmethod 3897 0x00000000036daa90 code [0x00000000036dada0, 0x00000000036dc5f8]
Event: 4.538 Thread 0x000000001c135800 3900   !   3       com.sun.javafx.application.PlatformImpl::isSupported (45 bytes)
Event: 4.538 Thread 0x000000001c135800 nmethod 3900 0x00000000036dcdd0 code [0x00000000036dcf80, 0x00000000036dd4d8]
Event: 4.542 Thread 0x000000001c135800 3901       3       com.sun.javafx.tk.quantum.QuantumToolkit::isSupported (142 bytes)
Event: 4.542 Thread 0x000000001c135800 nmethod 3901 0x00000000036dd790 code [0x00000000036dda40, 0x00000000036ded08]

GC Heap History (10 events):
Event: 1.366 GC heap before
{Heap before GC invocations=2 (full 1):
 PSYoungGen      total 76288K, used 8110K [0x000000076af00000, 0x0000000770400000, 0x00000007c0000000)
  eden space 65536K, 0% used [0x000000076af00000,0x000000076af00000,0x000000076ef00000)
  from space 10752K, 75% used [0x000000076ef00000,0x000000076f6eb888,0x000000076f980000)
  to   space 10752K, 0% used [0x000000076f980000,0x000000076f980000,0x0000000770400000)
 ParOldGen       total 175104K, used 88K [0x00000006c0c00000, 0x00000006cb700000, 0x000000076af00000)
  object space 175104K, 0% used [0x00000006c0c00000,0x00000006c0c16010,0x00000006cb700000)
 Metaspace       used 20560K, capacity 21284K, committed 21296K, reserved 1067008K
  class space    used 2912K, capacity 3111K, committed 3120K, reserved 1048576K
Event: 1.395 GC heap after
Heap after GC invocations=2 (full 1):
 PSYoungGen      total 76288K, used 0K [0x000000076af00000, 0x0000000770400000, 0x00000007c0000000)
  eden space 65536K, 0% used [0x000000076af00000,0x000000076af00000,0x000000076ef00000)
  from space 10752K, 0% used [0x000000076ef00000,0x000000076ef00000,0x000000076f980000)
  to   space 10752K, 0% used [0x000000076f980000,0x000000076f980000,0x0000000770400000)
 ParOldGen       total 125440K, used 8007K [0x00000006c0c00000, 0x00000006c8680000, 0x000000076af00000)
  object space 125440K, 6% used [0x00000006c0c00000,0x00000006c13d1de8,0x00000006c8680000)
 Metaspace       used 20560K, capacity 21284K, committed 21296K, reserved 1067008K
  class space    used 2912K, capacity 3111K, committed 3120K, reserved 1048576K
}
Event: 3.379 GC heap before
{Heap before GC invocations=3 (full 1):
 PSYoungGen      total 76288K, used 65512K [0x000000076af00000, 0x0000000770400000, 0x00000007c0000000)
  eden space 65536K, 99% used [0x000000076af00000,0x000000076eefa128,0x000000076ef00000)
  from space 10752K, 0% used [0x000000076ef00000,0x000000076ef00000,0x000000076f980000)
  to   space 10752K, 0% used [0x000000076f980000,0x000000076f980000,0x0000000770400000)
 ParOldGen       total 125440K, used 8007K [0x00000006c0c00000, 0x00000006c8680000, 0x000000076af00000)
  object space 125440K, 6% used [0x00000006c0c00000,0x00000006c13d1de8,0x00000006c8680000)
 Metaspace       used 25978K, capacity 26948K, committed 27184K, reserved 1073152K
  class space    used 3542K, capacity 3761K, committed 3888K, reserved 1048576K
Event: 3.384 GC heap after
Heap after GC invocations=3 (full 1):
 PSYoungGen      total 76288K, used 10727K [0x000000076af00000, 0x0000000770f80000, 0x00000007c0000000)
  eden space 65536K, 0% used [0x000000076af00000,0x000000076af00000,0x000000076ef00000)
  from space 10752K, 99% used [0x000000076f980000,0x00000007703f9fd8,0x0000000770400000)
  to   space 10752K, 0% used [0x000000076ef00000,0x000000076ef00000,0x000000076f980000)
 ParOldGen       total 125440K, used 8177K [0x00000006c0c00000, 0x00000006c8680000, 0x000000076af00000)
  object space 125440K, 6% used [0x00000006c0c00000,0x00000006c13fc4f0,0x00000006c8680000)
 Metaspace       used 25978K, capacity 26948K, committed 27184K, reserved 1073152K
  class space    used 3542K, capacity 3761K, committed 3888K, reserved 1048576K
}
Event: 3.405 GC heap before
{Heap before GC invocations=4 (full 1):
 PSYoungGen      total 76288K, used 76176K [0x000000076af00000, 0x0000000770f80000, 0x00000007c0000000)
  eden space 65536K, 99% used [0x000000076af00000,0x000000076eeea150,0x000000076ef00000)
  from space 10752K, 99% used [0x000000076f980000,0x00000007703f9fd8,0x0000000770400000)
  to   space 10752K, 0% used [0x000000076ef00000,0x000000076ef00000,0x000000076f980000)
 ParOldGen       total 125440K, used 8177K [0x00000006c0c00000, 0x00000006c8680000, 0x000000076af00000)
  object space 125440K, 6% used [0x00000006c0c00000,0x00000006c13fc4f0,0x00000006c8680000)
 Metaspace       used 26000K, capacity 26960K, committed 27184K, reserved 1073152K
  class space    used 3545K, capacity 3763K, committed 3888K, reserved 1048576K
Event: 3.410 GC heap after
Heap after GC invocations=4 (full 1):
 PSYoungGen      total 76288K, used 9606K [0x000000076af00000, 0x0000000773380000, 0x00000007c0000000)
  eden space 65536K, 0% used [0x000000076af00000,0x000000076af00000,0x000000076ef00000)
  from space 10752K, 89% used [0x000000076ef00000,0x000000076f8618c8,0x000000076f980000)
  to   space 10752K, 0% used [0x0000000772900000,0x0000000772900000,0x0000000773380000)
 ParOldGen       total 125440K, used 8185K [0x00000006c0c00000, 0x00000006c8680000, 0x000000076af00000)
  object space 125440K, 6% used [0x00000006c0c00000,0x00000006c13fe4f0,0x00000006c8680000)
 Metaspace       used 26000K, capacity 26960K, committed 27184K, reserved 1073152K
  class space    used 3545K, capacity 3763K, committed 3888K, reserved 1048576K
}
Event: 3.421 GC heap before
{Heap before GC invocations=5 (full 1):
 PSYoungGen      total 76288K, used 75104K [0x000000076af00000, 0x0000000773380000, 0x00000007c0000000)
  eden space 65536K, 99% used [0x000000076af00000,0x000000076eef6a18,0x000000076ef00000)
  from space 10752K, 89% used [0x000000076ef00000,0x000000076f8618c8,0x000000076f980000)
  to   space 10752K, 0% used [0x0000000772900000,0x0000000772900000,0x0000000773380000)
 ParOldGen       total 125440K, used 8185K [0x00000006c0c00000, 0x00000006c8680000, 0x000000076af00000)
  object space 125440K, 6% used [0x00000006c0c00000,0x00000006c13fe4f0,0x00000006c8680000)
 Metaspace       used 26000K, capacity 26960K, committed 27184K, reserved 1073152K
  class space    used 3545K, capacity 3763K, committed 3888K, reserved 1048576K
Event: 3.425 GC heap after
Heap after GC invocations=5 (full 1):
 PSYoungGen      total 124928K, used 9593K [0x000000076af00000, 0x0000000773a80000, 0x00000007c0000000)
  eden space 114176K, 0% used [0x000000076af00000,0x000000076af00000,0x0000000771e80000)
  from space 10752K, 89% used [0x0000000772900000,0x000000077325e4d8,0x0000000773380000)
  to   space 10752K, 0% used [0x0000000771e80000,0x0000000771e80000,0x0000000772900000)
 ParOldGen       total 125440K, used 8193K [0x00000006c0c00000, 0x00000006c8680000, 0x000000076af00000)
  object space 125440K, 6% used [0x00000006c0c00000,0x00000006c14004f0,0x00000006c8680000)
 Metaspace       used 26000K, capacity 26960K, committed 27184K, reserved 1073152K
  class space    used 3545K, capacity 3763K, committed 3888K, reserved 1048576K
}
Event: 3.457 GC heap before
{Heap before GC invocations=6 (full 1):
 PSYoungGen      total 124928K, used 123760K [0x000000076af00000, 0x0000000773a80000, 0x00000007c0000000)
  eden space 114176K, 99% used [0x000000076af00000,0x0000000771e7dd90,0x0000000771e80000)
  from space 10752K, 89% used [0x0000000772900000,0x000000077325e4d8,0x0000000773380000)
  to   space 10752K, 0% used [0x0000000771e80000,0x0000000771e80000,0x0000000772900000)
 ParOldGen       total 125440K, used 8193K [0x00000006c0c00000, 0x00000006c8680000, 0x000000076af00000)
  object space 125440K, 6% used [0x00000006c0c00000,0x00000006c14004f0,0x00000006c8680000)
 Metaspace       used 26001K, capacity 26960K, committed 27184K, reserved 1073152K
  class space    used 3545K, capacity 3763K, committed 3888K, reserved 1048576K
Event: 3.462 GC heap after
Heap after GC invocations=6 (full 1):
 PSYoungGen      total 124928K, used 9575K [0x000000076af00000, 0x0000000779280000, 0x00000007c0000000)
  eden space 114176K, 0% used [0x000000076af00000,0x000000076af00000,0x0000000771e80000)
  from space 10752K, 89% used [0x0000000771e80000,0x00000007727d9cc8,0x0000000772900000)
  to   space 10752K, 0% used [0x0000000778800000,0x0000000778800000,0x0000000779280000)
 ParOldGen       total 125440K, used 8201K [0x00000006c0c00000, 0x00000006c8680000, 0x000000076af00000)
  object space 125440K, 6% used [0x00000006c0c00000,0x00000006c14024f0,0x00000006c8680000)
 Metaspace       used 26001K, capacity 26960K, committed 27184K, reserved 1073152K
  class space    used 3545K, capacity 3763K, committed 3888K, reserved 1048576K
}

Deoptimization events (10 events):
Event: 3.463 Thread 0x000000001de16000 Uncommon trap: reason=unstable_if action=reinterpret pc=0x000000000352f1f0 method=sun.text.normalizer.TrieIterator.next(Lsun/text/normalizer/RangeValueIterator$Element;)Z @ 6
Event: 3.482 Thread 0x000000001de16000 Uncommon trap: reason=unstable_if action=reinterpret pc=0x000000000354176c method=sun.text.normalizer.UnicodeSet.applyFilter(Lsun/text/normalizer/UnicodeSet$Filter;I)Lsun/text/normalizer/UnicodeSet; @ 27
Event: 3.482 Thread 0x000000001de16000 Uncommon trap: reason=unstable_if action=reinterpret pc=0x000000000308988c method=java.util.regex.Pattern$Ctype.isSatisfiedBy(I)Z @ 4
Event: 3.500 Thread 0x000000001de16000 Uncommon trap: reason=unstable_if action=reinterpret pc=0x0000000003521178 method=sun.text.normalizer.UnicodeSet.findCodePoint(I)I @ 32
Event: 3.677 Thread 0x000000001de06000 Uncommon trap: reason=unstable_if action=reinterpret pc=0x00000000032c8ac4 method=java.lang.Math.round(F)I @ 36
Event: 3.677 Thread 0x000000001de06000 Uncommon trap: reason=class_check action=maybe_recompile pc=0x00000000033d5558 method=com.sun.prism.impl.GlyphCache.getCachedGlyph(II)Lcom/sun/prism/impl/GlyphCache$GlyphData; @ 81
Event: 3.677 Thread 0x000000001de06000 Uncommon trap: reason=class_check action=maybe_recompile pc=0x00000000033d5558 method=com.sun.prism.impl.GlyphCache.getCachedGlyph(II)Lcom/sun/prism/impl/GlyphCache$GlyphData; @ 81
Event: 3.677 Thread 0x000000001de06000 Uncommon trap: reason=class_check action=maybe_recompile pc=0x00000000033d5558 method=com.sun.prism.impl.GlyphCache.getCachedGlyph(II)Lcom/sun/prism/impl/GlyphCache$GlyphData; @ 81
Event: 3.678 Thread 0x000000001de06000 Uncommon trap: reason=class_check action=maybe_recompile pc=0x00000000033d5558 method=com.sun.prism.impl.GlyphCache.getCachedGlyph(II)Lcom/sun/prism/impl/GlyphCache$GlyphData; @ 81
Event: 3.715 Thread 0x000000002acff000 Uncommon trap: reason=predicate action=maybe_recompile pc=0x000000000352e178 method=java.util.regex.Pattern$Slice.match(Ljava/util/regex/Matcher;ILjava/lang/CharSequence;)Z @ 21

Internal exceptions (10 events):
Event: 1.317 Thread 0x000000001de16000 Exception <a 'java/lang/ArrayIndexOutOfBoundsException'> (0x000000076d9a1730) thrown at [C:\re\workspace\8-2-build-windows-amd64-cygwin\jdk8u144\9417\hotspot\src\share\vm\runtime\sharedRuntime.cpp, line 605]
Event: 1.317 Thread 0x000000001de16000 Exception <a 'java/lang/ArrayIndexOutOfBoundsException'> (0x000000076d9a2b20) thrown at [C:\re\workspace\8-2-build-windows-amd64-cygwin\jdk8u144\9417\hotspot\src\share\vm\runtime\sharedRuntime.cpp, line 605]
Event: 2.557 Thread 0x000000001de16000 Exception <a 'sun/nio/fs/WindowsException'> (0x000000076cac5e38) thrown at [C:\re\workspace\8-2-build-windows-amd64-cygwin\jdk8u144\9417\hotspot\src\share\vm\prims\jni.cpp, line 709]
Event: 2.559 Thread 0x000000001de16000 Exception <a 'sun/nio/fs/WindowsException'> (0x000000076cac8470) thrown at [C:\re\workspace\8-2-build-windows-amd64-cygwin\jdk8u144\9417\hotspot\src\share\vm\prims\jni.cpp, line 709]
Event: 2.600 Thread 0x000000001de06000 Implicit null exception at 0x000000000333144f to 0x0000000003331c55
Event: 2.959 Thread 0x000000002a9a6800 Exception <a 'sun/nio/fs/WindowsException'> (0x000000076d5cd310) thrown at [C:\re\workspace\8-2-build-windows-amd64-cygwin\jdk8u144\9417\hotspot\src\share\vm\prims\jni.cpp, line 709]
Event: 3.275 Thread 0x000000001de16000 Exception <a 'java/io/FileNotFoundException'> (0x000000076db37f98) thrown at [C:\re\workspace\8-2-build-windows-amd64-cygwin\jdk8u144\9417\hotspot\src\share\vm\prims\jni.cpp, line 709]
Event: 3.275 Thread 0x000000001de16000 Exception <a 'java/io/FileNotFoundException'> (0x000000076db39260) thrown at [C:\re\workspace\8-2-build-windows-amd64-cygwin\jdk8u144\9417\hotspot\src\share\vm\prims\jni.cpp, line 709]
Event: 3.275 Thread 0x000000001de16000 Exception <a 'java/io/FileNotFoundException'> (0x000000076db3ed98) thrown at [C:\re\workspace\8-2-build-windows-amd64-cygwin\jdk8u144\9417\hotspot\src\share\vm\prims\jni.cpp, line 709]
Event: 3.276 Thread 0x000000001de16000 Exception <a 'java/io/FileNotFoundException'> (0x000000076db3ffc8) thrown at [C:\re\workspace\8-2-build-windows-amd64-cygwin\jdk8u144\9417\hotspot\src\share\vm\prims\jni.cpp, line 709]

Events (10 events):
Event: 4.390 Executing VM operation: RevokeBias
Event: 4.390 Executing VM operation: RevokeBias done
Event: 4.422 Executing VM operation: RevokeBias
Event: 4.422 Executing VM operation: RevokeBias done
Event: 4.453 Executing VM operation: RevokeBias
Event: 4.453 Executing VM operation: RevokeBias done
Event: 4.486 Executing VM operation: RevokeBias
Event: 4.486 Executing VM operation: RevokeBias done
Event: 4.518 Executing VM operation: RevokeBias
Event: 4.518 Executing VM operation: RevokeBias done


Dynamic libraries:
0x00007ff7d37f0000 - 0x00007ff7d3827000 	C:\Program Files\Java\jdk1.8.0_144\jre\bin\java.exe
0x00007ff8b4880000 - 0x00007ff8b4a61000 	C:\WINDOWS\SYSTEM32\ntdll.dll
0x00007ff8b2310000 - 0x00007ff8b23c2000 	C:\WINDOWS\System32\KERNEL32.DLL
0x00007ff8b1a90000 - 0x00007ff8b1d03000 	C:\WINDOWS\System32\KERNELBASE.dll
0x00007ff8b46d0000 - 0x00007ff8b4771000 	C:\WINDOWS\System32\ADVAPI32.dll
0x00007ff8b3010000 - 0x00007ff8b30ae000 	C:\WINDOWS\System32\msvcrt.dll
0x00007ff8b2960000 - 0x00007ff8b29bb000 	C:\WINDOWS\System32\sechost.dll
0x00007ff8b1df0000 - 0x00007ff8b1f14000 	C:\WINDOWS\System32\RPCRT4.dll
0x00007ff8b2cb0000 - 0x00007ff8b2e40000 	C:\WINDOWS\System32\USER32.dll
0x00007ff8b17e0000 - 0x00007ff8b1800000 	C:\WINDOWS\System32\win32u.dll
0x00007ff8b2890000 - 0x00007ff8b28b8000 	C:\WINDOWS\System32\GDI32.dll
0x00007ff8b1360000 - 0x00007ff8b14f2000 	C:\WINDOWS\System32\gdi32full.dll
0x00007ff8b1800000 - 0x00007ff8b189f000 	C:\WINDOWS\System32\msvcp_win.dll
0x00007ff8b1500000 - 0x00007ff8b15fa000 	C:\WINDOWS\System32\ucrtbase.dll
0x00007ff8a6150000 - 0x00007ff8a63b9000 	C:\WINDOWS\WinSxS\amd64_microsoft.windows.common-controls_6595b64144ccf1df_6.0.17134.345_none_fb429a5930656358\COMCTL32.dll
0x00007ff8b1f80000 - 0x00007ff8b22a3000 	C:\WINDOWS\System32\combase.dll
0x00007ff8b1710000 - 0x00007ff8b178a000 	C:\WINDOWS\System32\bcryptPrimitives.dll
0x00007ff8b2e40000 - 0x00007ff8b2e6d000 	C:\WINDOWS\System32\IMM32.DLL
0x0000000076830000 - 0x0000000076902000 	C:\Program Files\Java\jdk1.8.0_144\jre\bin\msvcr100.dll
0x0000000076910000 - 0x00000000771ad000 	C:\Program Files\Java\jdk1.8.0_144\jre\bin\server\jvm.dll
0x00007ff8b1de0000 - 0x00007ff8b1de8000 	C:\WINDOWS\System32\PSAPI.DLL
0x00007ff8ada30000 - 0x00007ff8ada53000 	C:\WINDOWS\SYSTEM32\WINMM.dll
0x00007ff89f1e0000 - 0x00007ff89f1e9000 	C:\WINDOWS\SYSTEM32\WSOCK32.dll
0x00007ff8acaa0000 - 0x00007ff8acaaa000 	C:\WINDOWS\SYSTEM32\VERSION.dll
0x00007ff8b2820000 - 0x00007ff8b288c000 	C:\WINDOWS\System32\WS2_32.dll
0x00007ff8ada00000 - 0x00007ff8ada2a000 	C:\WINDOWS\SYSTEM32\WINMMBASE.dll
0x00007ff8b1790000 - 0x00007ff8b17d9000 	C:\WINDOWS\System32\cfgmgr32.dll
0x0000000050010000 - 0x000000005001f000 	C:\Program Files\Java\jdk1.8.0_144\jre\bin\verify.dll
0x0000000077c60000 - 0x0000000077c89000 	C:\Program Files\Java\jdk1.8.0_144\jre\bin\java.dll
0x00000000767d0000 - 0x00000000767e6000 	C:\Program Files\Java\jdk1.8.0_144\jre\bin\zip.dll
0x00007ff8b3110000 - 0x00007ff8b454f000 	C:\WINDOWS\System32\SHELL32.dll
0x00007ff8b4780000 - 0x00007ff8b4829000 	C:\WINDOWS\System32\shcore.dll
0x00007ff8b0c50000 - 0x00007ff8b135d000 	C:\WINDOWS\System32\windows.storage.dll
0x00007ff8b30b0000 - 0x00007ff8b3101000 	C:\WINDOWS\System32\shlwapi.dll
0x00007ff8b0c10000 - 0x00007ff8b0c21000 	C:\WINDOWS\System32\kernel.appcore.dll
0x00007ff8b0bf0000 - 0x00007ff8b0c0f000 	C:\WINDOWS\System32\profapi.dll
0x00007ff8b0ba0000 - 0x00007ff8b0bec000 	C:\WINDOWS\System32\powrprof.dll
0x00007ff8b0b90000 - 0x00007ff8b0b9a000 	C:\WINDOWS\System32\FLTLIB.DLL
0x00007ff893210000 - 0x00007ff8932ff000 	C:\Program Files\Java\jdk1.8.0_144\jre\bin\msvcr120.dll
0x00007ff899440000 - 0x00007ff8994e6000 	C:\Program Files\Java\jdk1.8.0_144\jre\bin\msvcp120.dll
0x0000000073350000 - 0x0000000073372000 	C:\Program Files\Java\jdk1.8.0_144\jre\bin\prism_d3d.dll
0x00007ff8aa100000 - 0x00007ff8aa297000 	C:\WINDOWS\system32\d3d9.dll
0x00007ff8af320000 - 0x00007ff8af349000 	C:\WINDOWS\SYSTEM32\dwmapi.dll
0x00007ff8af250000 - 0x00007ff8af2e8000 	C:\WINDOWS\system32\uxtheme.dll
0x00007ff8a9cd0000 - 0x00007ff8a9dbe000 	C:\WINDOWS\System32\DriverStore\FileRepository\nv_dispi.inf_amd64_f4187dc256a67a6b\nvldumdx.dll
0x00007ff8b18a0000 - 0x00007ff8b1a82000 	C:\WINDOWS\System32\crypt32.dll
0x00007ff8b0c30000 - 0x00007ff8b0c42000 	C:\WINDOWS\System32\MSASN1.dll
0x00007ff8b16b0000 - 0x00007ff8b1707000 	C:\WINDOWS\System32\WINTRUST.DLL
0x00007ff8b4830000 - 0x00007ff8b484d000 	C:\WINDOWS\System32\imagehlp.dll
0x00007ff8b05c0000 - 0x00007ff8b05d7000 	C:\WINDOWS\SYSTEM32\CRYPTSP.dll
0x00007ff8aff90000 - 0x00007ff8affc3000 	C:\WINDOWS\system32\rsaenh.dll
0x00007ff8b06f0000 - 0x00007ff8b0715000 	C:\WINDOWS\SYSTEM32\bcrypt.dll
0x00007ff8b05e0000 - 0x00007ff8b05eb000 	C:\WINDOWS\SYSTEM32\CRYPTBASE.dll
0x00007ff854680000 - 0x00007ff855a67000 	C:\WINDOWS\System32\DriverStore\FileRepository\nv_dispi.inf_amd64_f4187dc256a67a6b\nvd3dumx.dll
0x0000000073300000 - 0x0000000073343000 	C:\Program Files\Java\jdk1.8.0_144\jre\bin\glass.dll
0x00007ff8b29c0000 - 0x00007ff8b2aad000 	C:\WINDOWS\System32\COMDLG32.dll
0x00007ff8b2b40000 - 0x00007ff8b2c91000 	C:\WINDOWS\System32\ole32.dll
0x00007ff8b1d10000 - 0x00007ff8b1dd2000 	C:\WINDOWS\System32\OLEAUT32.dll
0x00007ff8b4550000 - 0x00007ff8b46c4000 	C:\WINDOWS\System32\MSCTF.dll
0x00007ff8a71f0000 - 0x00007ff8a72b4000 	C:\Program Files (x86)\NVIDIA Corporation\3D Vision\nvSCPAPI64.dll
0x00007ff8b23d0000 - 0x00007ff8b281b000 	C:\WINDOWS\System32\SETUPAPI.dll
0x00007ff8843a0000 - 0x00007ff884628000 	C:\WINDOWS\system32\nvspcap64.dll
0x00007ff8afcb0000 - 0x00007ff8afce1000 	C:\WINDOWS\SYSTEM32\ntmarta.dll
0x00007ff8af8d0000 - 0x00007ff8af8f2000 	C:\WINDOWS\SYSTEM32\gpapi.dll
0x00007ff8abd40000 - 0x00007ff8abd6e000 	C:\WINDOWS\SYSTEM32\cryptnet.dll
0x00000000764f0000 - 0x0000000076514000 	C:\Program Files\Java\jdk1.8.0_144\jre\bin\sunec.dll
0x00000000764e0000 - 0x00000000764eb000 	C:\Program Files\Java\jdk1.8.0_144\jre\bin\sunmscapi.dll
0x00000000767b0000 - 0x00000000767ca000 	C:\Program Files\Java\jdk1.8.0_144\jre\bin\net.dll
0x00007ff8b0410000 - 0x00007ff8b0476000 	C:\WINDOWS\system32\mswsock.dll
0x00007ff8b01d0000 - 0x00007ff8b028e000 	C:\WINDOWS\SYSTEM32\DNSAPI.dll
0x00007ff8b2ab0000 - 0x00007ff8b2ab8000 	C:\WINDOWS\System32\NSI.dll
0x00007ff8b0190000 - 0x00007ff8b01c8000 	C:\WINDOWS\SYSTEM32\IPHLPAPI.DLL
0x00007ff8a3b60000 - 0x00007ff8a3b6a000 	C:\Windows\System32\rasadhlp.dll
0x00007ff8a3360000 - 0x00007ff8a33d2000 	C:\WINDOWS\System32\fwpuclnt.dll
0x00000000732e0000 - 0x00000000732f4000 	C:\Program Files\Java\jdk1.8.0_144\jre\bin\javafx_font.dll
0x00007ff89b790000 - 0x00007ff89baac000 	C:\WINDOWS\SYSTEM32\dwrite.dll
0x00007ff8b28c0000 - 0x00007ff8b2960000 	C:\WINDOWS\System32\clbcatq.dll
0x00007ff8acb40000 - 0x00007ff8accee000 	C:\WINDOWS\SYSTEM32\WindowsCodecs.dll
0x00007ff8a2f20000 - 0x00007ff8a2f78000 	C:\WINDOWS\system32\dataexchange.dll
0x00007ff8adb20000 - 0x00007ff8ade2b000 	C:\WINDOWS\system32\d3d11.dll
0x00007ff8ae840000 - 0x00007ff8ae9dc000 	C:\WINDOWS\system32\dcomp.dll
0x00007ff8af950000 - 0x00007ff8afa0b000 	C:\WINDOWS\system32\dxgi.dll
0x00007ff8af460000 - 0x00007ff8af618000 	C:\WINDOWS\system32\twinapi.appcore.dll
0x00007ff8af400000 - 0x00007ff8af421000 	C:\WINDOWS\system32\RMCLIENT.dll
0x00007ff8a8770000 - 0x00007ff8a87a4000 	C:\Program Files\Common Files\Microsoft Shared\Ink\rtscom.dll
0x00007ff8a83f0000 - 0x00007ff8a8487000 	C:\WINDOWS\System32\TextInputFramework.dll
0x00007ff8ac5c0000 - 0x00007ff8ac8de000 	C:\WINDOWS\System32\CoreUIComponents.dll
0x00007ff8ae9e0000 - 0x00007ff8aeaba000 	C:\WINDOWS\System32\CoreMessaging.dll
0x00007ff8ac470000 - 0x00007ff8ac5bd000 	C:\WINDOWS\SYSTEM32\wintypes.dll
0x00007ff8ae270000 - 0x00007ff8ae837000 	C:\WINDOWS\SYSTEM32\d2d1.dll
0x00007ff889680000 - 0x00007ff889dfe000 	C:\WINDOWS\SYSTEM32\D3D10Warp.dll
0x00007ff8aaba0000 - 0x00007ff8aabb6000 	C:\WINDOWS\SYSTEM32\dhcpcsvc6.DLL
0x00007ff8aaff0000 - 0x00007ff8ab00a000 	C:\WINDOWS\SYSTEM32\dhcpcsvc.DLL
0x0000000076790000 - 0x00000000767a1000 	C:\Program Files\Java\jdk1.8.0_144\jre\bin\nio.dll
0x00007ff8b0ac0000 - 0x00007ff8b0ae8000 	C:\WINDOWS\SYSTEM32\USERENV.dll
0x00000000732b0000 - 0x00000000732d3000 	C:\Program Files\Java\jdk1.8.0_144\jre\bin\javafx_iio.dll
0x00007ff899e30000 - 0x00007ff89a030000 	C:\WINDOWS\SYSTEM32\UIAutomationCore.DLL
0x00007ff8a4f00000 - 0x00007ff8a4f73000 	C:\Windows\System32\OneCoreCommonProxyStub.dll
0x0000000073290000 - 0x00000000732a1000 	C:\Program Files\Java\jdk1.8.0_144\jre\bin\prism_common.dll
0x0000000070ad0000 - 0x0000000073284000 	C:\Program Files\Java\jdk1.8.0_144\jre\bin\jfxwebkit.dll
0x0000000070a50000 - 0x0000000070ac3000 	C:\Program Files\Java\jdk1.8.0_144\jre\bin\glib-lite.dll
0x00000000709b0000 - 0x0000000070a4c000 	C:\Program Files\Java\jdk1.8.0_144\jre\bin\gstreamer-lite.dll
0x00007ff893a40000 - 0x00007ff893acf000 	C:\WINDOWS\SYSTEM32\DSOUND.dll
0x0000000070980000 - 0x00000000709a5000 	C:\Program Files\Java\jdk1.8.0_144\jre\bin\jfxmedia.dll

VM Arguments:
jvm_args: -Dfile.encoding=UTF-8 
java_command: C:\Users\nhinc\workplace\M1_S1_IHM_PROJECT\dist\run1336483191\M1_S1_IHM_PROJECT.jar
java_class_path (initial): C:\Users\nhinc\workplace\M1_S1_IHM_PROJECT\dist\run1336483191\M1_S1_IHM_PROJECT.jar
Launcher Type: SUN_STANDARD

Environment Variables:
PATH=C:\oraclexe\app\oracle\product\11.2.0\server\bin;;C:\Program Files (x86)\Common Files\Oracle\Java\javapath;C:\ProgramData\Oracle\Java\javapath;C:\WINDOWS\system32;C:\WINDOWS;C:\WINDOWS\System32\Wbem;C:\WINDOWS\System32\WindowsPowerShell\v1.0\;C:\Program Files (x86)\NVIDIA Corporation\PhysX\Common;C:\WINDOWS\system32;C:\WINDOWS;C:\WINDOWS\System32\Wbem;C:\WINDOWS\System32\WindowsPowerShell\v1.0\;C:\WINDOWS\System32\OpenSSH\;C:\wamp64\bin\php\php7.2.10;C:\ProgramData\ComposerSetup\bin;C:\Program Files\Git\cmd;C:\Program Files\Git\mingw64\bin;C:\Program Files\Git\usr\bin;C:\Program Files\Microsoft VS Code\bin;C:\Program Files\nodejs\;C:\Program Files (x86)\Brackets\command;C:\Users\nhinc\AppData\Local\Microsoft\WindowsApps;C:\Users\nhinc\AppData\Local\atom\bin;C:\Users\nhinc\AppData\Local\Microsoft\WindowsApps;C:\Users\nhinc\AppData\Roaming\Composer\vendor\bin;C:\Users\nhinc\AppData\Roaming\npm
USERNAME=Nico
OS=Windows_NT
PROCESSOR_IDENTIFIER=Intel64 Family 6 Model 60 Stepping 3, GenuineIntel



---------------  S Y S T E M  ---------------

OS: Windows 10.0 , 64 bit Build 17134 (10.0.17134.1)

CPU:total 4 (initial active 4) (4 cores per cpu, 1 threads per core) family 6 model 60 stepping 3, cmov, cx8, fxsr, mmx, sse, sse2, sse3, ssse3, sse4.1, sse4.2, popcnt, avx, avx2, aes, clmul, erms, lzcnt, tsc, tscinvbit, bmi1, bmi2

Memory: 4k page, physical 16724704k(3808768k free), swap 16724704k(4520k free)

vm_info: Java HotSpot(TM) 64-Bit Server VM (25.144-b01) for windows-amd64 JRE (1.8.0_144-b01), built on Jul 21 2017 21:57:33 by "java_re" with MS VC++ 10.0 (VS2010)

time: Tue Dec 11 01:03:33 2018
elapsed time: 4 seconds (0d 0h 0m 4s)

